{"timestamp":"2025-07-02 13:32:59","level":"error","message":"Error sending verification email Request failed with status code 404"}
{"timestamp":"2025-07-02 13:32:59","level":"error","message":"Error sending verification email, but user created"}
{"timestamp":"2025-07-02 14:17:57","level":"error","message":"Error in localLoginController req is not defined"}
{"timestamp":"2025-07-02 14:20:22","level":"error","message":"Error in localLoginController req is not defined"}
{"timestamp":"2025-07-02 14:26:41","level":"error","message":"Error in forgotPasswordController Request failed with status code 404"}
{"timestamp":"2025-07-02 14:52:04","level":"error","message":"Error calling users-service API Request failed with status code 500"}
{"timestamp":"2025-07-02 14:52:04","level":"error","message":"Error creating user profile in users-service, initiating rollback"}
{"timestamp":"2025-07-02 14:56:45","level":"error","message":"Error in refreshTokenController crypto.randomBytes is not a function"}
{"timestamp":"2025-07-02 14:58:17","level":"error","message":"Error in refreshTokenController Invalid or expired refresh token."}
{"timestamp":"2025-07-02 15:25:59","level":"error","message":"Error in localLoginController Invalid credentials."}
{"timestamp":"2025-07-02 15:25:59","level":"error","message":"Error during login in localLoginHandler: Invalid credentials."}
{"timestamp":"2025-07-02 15:26:28","level":"error","message":"Error in localLoginController Invalid credentials."}
{"timestamp":"2025-07-02 15:26:28","level":"error","message":"Error during login in localLoginHandler: Invalid credentials."}
{"timestamp":"2025-07-02 15:26:35","level":"error","message":"Error in localLoginController Invalid credentials."}
{"timestamp":"2025-07-02 15:26:35","level":"error","message":"Error during login in localLoginHandler: Invalid credentials."}
{"timestamp":"2025-07-02 15:27:01","level":"error","message":"Error in localLoginController Invalid credentials."}
{"timestamp":"2025-07-02 15:27:01","level":"error","message":"Error during login in localLoginHandler: Invalid credentials."}
{"timestamp":"2025-07-02 15:27:40","level":"error","message":"Error in localLoginController Please verify your email to log in."}
{"timestamp":"2025-07-02 15:27:40","level":"error","message":"Error during login in localLoginHandler: Please verify your email to log in."}
{"timestamp":"2025-07-02 15:31:41","level":"error","message":"Error in localLoginController Invalid credentials."}
{"timestamp":"2025-07-02 15:31:41","level":"error","message":"Error during login in localLoginHandler: Invalid credentials."}
{"timestamp":"2025-07-02 15:31:52","level":"error","message":"Error in localLoginController Invalid credentials."}
{"timestamp":"2025-07-02 15:31:52","level":"error","message":"Error during login in localLoginHandler: Invalid credentials."}
{"timestamp":"2025-07-02 15:32:09","level":"error","message":"Error in localLoginController Invalid credentials."}
{"timestamp":"2025-07-02 15:32:09","level":"error","message":"Error during login in localLoginHandler: Invalid credentials."}
{"timestamp":"2025-07-02 15:43:09","level":"error","message":"Error in refreshTokenController Invalid or expired refresh token."}
{"timestamp":"2025-07-02 15:43:09","level":"error","message":"Error in refreshTokenHandler: Invalid or expired refresh token."}
{"timestamp":"2025-07-02 15:45:55","level":"error","message":"Error in resetPasswordController Password reset token is invalid or has expired."}
{"timestamp":"2025-07-02 15:45:55","level":"error","message":"Error in resetPasswordHandler: Password reset token is invalid or has expired."}
