{"timestamp":"2025-07-04 11:37:52","level":"warn","message":"No file provided for avatar upload"}
{"timestamp":"2025-07-04 11:38:01","level":"warn","message":"No file provided for avatar upload"}
{"timestamp":"2025-07-04 11:38:35","level":"warn","message":"No file provided for avatar upload"}
{"timestamp":"2025-07-04 11:39:33","level":"warn","message":"No file provided for avatar upload"}
{"timestamp":"2025-07-04 11:39:55","level":"warn","message":"No file provided for avatar upload"}
{"timestamp":"2025-07-04 11:40:31","level":"warn","message":"No file provided for avatar upload"}
{"timestamp":"2025-07-04 11:42:53","level":"warn","message":"No file provided for avatar upload"}
{"timestamp":"2025-07-04 11:44:10","level":"warn","message":"No file provided for avatar upload"}
{"timestamp":"2025-07-04 11:44:26","level":"warn","message":"No file provided for avatar upload"}
{"timestamp":"2025-07-04 11:44:59","level":"warn","message":"No file provided for avatar upload"}
{"timestamp":"2025-07-04 11:45:11","level":"error","message":"File upload error in uploadAvatarHandler Malformed part header"}
{"timestamp":"2025-07-04 11:47:14","level":"error","message":"File upload error in uploadAvatarHandler Malformed part header"}
{"timestamp":"2025-07-04 11:47:38","level":"error","message":"File upload error in uploadAvatarHandler Malformed part header"}
{"timestamp":"2025-07-04 11:50:03","level":"error","message":"File upload error in uploadAvatarHandler Malformed part header"}
{"timestamp":"2025-07-04 11:50:27","level":"error","message":"File upload error in uploadAvatarHandler Malformed part header"}
{"timestamp":"2025-07-04 11:50:37","level":"error","message":"File upload error in uploadAvatarHandler Malformed part header"}
{"timestamp":"2025-07-04 11:50:56","level":"error","message":"File upload error in uploadAvatarHandler Malformed part header"}
{"timestamp":"2025-07-04 11:52:02","level":"error","message":"File upload error in uploadAvatarHandler Malformed part header"}
{"timestamp":"2025-07-04 11:59:03","level":"error","message":"File upload error in uploadAvatarHandler Malformed part header"}
{"timestamp":"2025-07-04 11:59:13","level":"warn","message":"No file provided for avatar upload"}
{"timestamp":"2025-07-04 11:59:27","level":"error","message":"File upload error in uploadAvatarHandler Malformed part header"}
{"timestamp":"2025-07-04 11:59:39","level":"error","message":"File upload error in uploadAvatarHandler Malformed part header"}
{"timestamp":"2025-07-04 12:03:10","level":"error","message":"File upload error in uploadAvatarHandler Malformed part header"}
{"timestamp":"2025-07-04 12:04:14","level":"error","message":"File upload error in uploadAvatarHandler Malformed part header"}
{"timestamp":"2025-07-04 12:39:52","level":"warn","message":"No file provided for avatar upload"}
{"timestamp":"2025-07-04 12:40:10","level":"warn","message":"No file provided for avatar upload"}
{"timestamp":"2025-07-04 12:40:28","level":"warn","message":"No file provided for avatar upload"}
{"timestamp":"2025-07-04 12:40:42","level":"warn","message":"No file provided for avatar upload"}
{"timestamp":"2025-07-04 12:40:50","level":"warn","message":"No file provided for avatar upload"}
{"timestamp":"2025-07-04 12:40:56","level":"error","message":"Error uploading avatar in uploadAvatarController: The \"path\" argument must be of type string. Received an instance of Buffer"}
{"timestamp":"2025-07-04 12:40:56","level":"error","message":"Error in uploadAvatarHandler: Failed to upload avatar: The \"path\" argument must be of type string. Received an instance of Buffer"}
{"timestamp":"2025-07-04 12:41:16","level":"error","message":"Error uploading avatar in uploadAvatarController: The \"path\" argument must be of type string. Received an instance of Buffer"}
{"timestamp":"2025-07-04 12:41:16","level":"error","message":"Error in uploadAvatarHandler: Failed to upload avatar: The \"path\" argument must be of type string. Received an instance of Buffer"}
{"timestamp":"2025-07-04 12:41:32","level":"error","message":"Error uploading avatar in uploadAvatarController: The \"path\" argument must be of type string. Received an instance of Buffer"}
{"timestamp":"2025-07-04 12:41:32","level":"error","message":"Error in uploadAvatarHandler: Failed to upload avatar: The \"path\" argument must be of type string. Received an instance of Buffer"}
{"timestamp":"2025-07-04 12:41:45","level":"error","message":"Error uploading avatar in uploadAvatarController: The \"path\" argument must be of type string. Received an instance of Buffer"}
{"timestamp":"2025-07-04 12:41:45","level":"error","message":"Error in uploadAvatarHandler: Failed to upload avatar: The \"path\" argument must be of type string. Received an instance of Buffer"}
{"timestamp":"2025-07-04 12:42:23","level":"error","message":"Error uploading avatar in uploadAvatarController: The \"path\" argument must be of type string. Received an instance of Buffer"}
{"timestamp":"2025-07-04 12:42:23","level":"error","message":"Error in uploadAvatarHandler: Failed to upload avatar: The \"path\" argument must be of type string. Received an instance of Buffer"}
{"timestamp":"2025-07-04 12:48:20","level":"info","message":"Image uploaded to Cloudinary successfully via stream"}
{"timestamp":"2025-07-04 12:48:20","level":"info","message":"Avatar uploaded and user profile updated successfully"}
{"timestamp":"2025-07-04 12:48:20","level":"info","message":"Avatar upload request successfully handled"}
{"timestamp":"2025-07-04 15:33:55","level":"info","message":"Image uploaded to Cloudinary successfully via stream"}
{"timestamp":"2025-07-04 15:33:55","level":"info","message":"Avatar uploaded and user profile updated successfully"}
{"timestamp":"2025-07-04 15:33:55","level":"info","message":"Avatar upload request successfully handled"}
{"timestamp":"2025-07-04 15:36:57","level":"info","message":"Image uploaded to Cloudinary successfully via stream"}
{"timestamp":"2025-07-04 15:36:57","level":"info","message":"Avatar uploaded and user profile updated successfully"}
{"timestamp":"2025-07-04 15:36:57","level":"info","message":"Avatar upload request successfully handled"}
